<?xml version="1.0" encoding="UTF-8"?>
<testsuite xmlns:xsi="http://www.w3.org/2001/XMLSchema-instance" xsi:noNamespaceSchemaLocation="https://maven.apache.org/surefire/maven-surefire-plugin/xsd/surefire-test-report-3.0.xsd" version="3.0" name="ApplicationTest" time="0.035" tests="8" errors="0" skipped="0" failures="0">
  <properties>
[...]
</properties>
  <testcase name="testHorarioReader" classname="ApplicationTest" time="0.013"/>
  <testcase name="testEscreverJson" classname="ApplicationTest" time="0.001"/>
  <testcase name="test" classname="ApplicationTest" time="0"/>
  <testcase name="runAllTests" classname="ApplicationTest" time="0.004"/>
  <testcase name="testHorario" classname="ApplicationTest" time="0"/>
  <testcase name="testHorarioController" classname="ApplicationTest" time="0.001"/>
  <testcase name="testApplication" classname="ApplicationTest" time="0"/>
  <testcase name="testConversorHorario" classname="ApplicationTest" time="0"/>
</testsuite>